<?xml version="1.0" encoding="UTF-8"?>
<robot generator="Robot 5.0.1 (Python 3.10.5 on win32)" generated="20220713 07:53:34.323" rpa="false" schemaversion="3">
<suite id="s1" name="Hurb" source="C:\Users\dnascimento\Desktop\CTD\Turma 6\Testing l\Módulo 8 [Introdução à Automação de Testes]\Revisão\Hurb\hurb.robot">
<test id="s1-t1" name="Processo de reserva de pacote de viagens" line="11">
<kw name="Abrir o site do Hurb" library="hurb" type="SETUP">
<kw name="Open Browser" library="SeleniumLibrary">
<arg>${SITE}</arg>
<arg>${NAVEGADOR}</arg>
<doc>Opens a new browser instance to the optional ``url``.</doc>
<msg timestamp="20220713 07:53:35.195" level="INFO">Opening browser 'Chrome' to base url 'https://hurb.com/br'.</msg>
<msg timestamp="20220713 07:53:48.093" level="INFO" html="true">&lt;/td&gt;&lt;/tr&gt;&lt;tr&gt;&lt;td colspan="3"&gt;&lt;a href="selenium-screenshot-29.png"&gt;&lt;img src="selenium-screenshot-29.png" width="800px"&gt;&lt;/a&gt;</msg>
<msg timestamp="20220713 07:53:48.095" level="FAIL">WebDriverException: Message: unknown error: cannot determine loading status
from unknown error: unexpected command response
  (Session info: chrome=103.0.5060.114)
Stacktrace:
Backtrace:
	Ordinal0 [0x002F6463+2188387]
	Ordinal0 [0x0028E461+1762401]
	Ordinal0 [0x001A3D78+802168]
	Ordinal0 [0x00197210+750096]
	Ordinal0 [0x0019675A+747354]
	Ordinal0 [0x00195D3F+744767]
	Ordinal0 [0x00194C28+740392]
	Ordinal0 [0x00195228+741928]
	Ordinal0 [0x0019F153+782675]
	Ordinal0 [0x001A9FBB+827323]
	Ordinal0 [0x001AD310+840464]
	Ordinal0 [0x001954F6+742646]
	Ordinal0 [0x001A9BF3+826355]
	Ordinal0 [0x001FCF6D+1167213]
	Ordinal0 [0x001EC5F6+1099254]
	Ordinal0 [0x001C6BE0+945120]
	Ordinal0 [0x001C7AD6+948950]
	GetHandleVerifier [0x005971F2+2712546]
	GetHandleVerifier [0x0058886D+2652765]
	GetHandleVerifier [0x0038002A+520730]
	GetHandleVerifier [0x0037EE06+516086]
	Ordinal0 [0x0029468B+1787531]
	Ordinal0 [0x00298E88+1805960]
	Ordinal0 [0x00298F75+1806197]
	Ordinal0 [0x002A1DF1+1842673]
	BaseThreadInitThunk [0x75576739+25]
	RtlGetFullPathName_UEx [0x77168FEF+1215]
	RtlGetFullPathName_UEx [0x77168FBD+1165]
	(No symbol) [0x00000000]
</msg>
<status status="FAIL" starttime="20220713 07:53:35.194" endtime="20220713 07:53:48.437"/>
</kw>
<kw name="Maximize Browser Window" library="SeleniumLibrary">
<doc>Maximizes current browser window.</doc>
<status status="NOT RUN" starttime="20220713 07:53:48.438" endtime="20220713 07:53:48.438"/>
</kw>
<kw name="Sleep" library="BuiltIn">
<arg>3</arg>
<doc>Pauses the test executed for the given time.</doc>
<status status="NOT RUN" starttime="20220713 07:53:48.438" endtime="20220713 07:53:48.439"/>
</kw>
<status status="FAIL" starttime="20220713 07:53:35.194" endtime="20220713 07:53:48.440"/>
</kw>
<status status="FAIL" starttime="20220713 07:53:35.192" endtime="20220713 07:53:48.456">Setup failed:
WebDriverException: Message: unknown error: cannot determine loading status
from unknown error: unexpected command response
  (Session info: chrome=103.0.5060.114)
Stacktrace:
Backtrace:
	Ordinal0 [0x002F6463+2188387]
	Ordinal0 [0x0028E461+1762401]
	Ordinal0 [0x001A3D78+802168]
	Ordinal0 [0x00197210+750096]
	Ordinal0 [0x0019675A+747354]
	Ordinal0 [0x00195D3F+744767]
	Ordinal0 [0x00194C28+740392]
	Ordinal0 [0x00195228+741928]
	Ordinal0 [0x0019F153+782675]
	Ordinal0 [0x001A9FBB+827323]
	Ordinal0 [0x001AD310+840464]
	Ordinal0 [0x001954F6+742646]
	Ordinal0 [0x001A9BF3+826355]
	Ordinal0 [0x001FCF6D+1167213]
	Ordinal0 [0x001EC5F6+1099254]
	Ordinal0 [0x001C6BE0+945120]
	Ordinal0 [0x001C7AD6+948950]
	GetHandleVerifier [0x005971F2+2712546]
	GetHandleVerifier [0x0058886D+2652765]
	GetHandleVerifier [0x0038002A+520730]
	GetHandleVerifier [0x0037EE06+516086]
	Ordinal0 [0x0029468B+1787531]
	Ordinal0 [0x00298E88+1805960]
	Ordinal0 [0x00298F75+1806197]
	Ordinal0 [0x002A1DF1+1842673]
	BaseThreadInitThunk [0x75576739+25]
	RtlGetFullPathName_UEx [0x77168FEF+1215]
	RtlGetFullPathName_UEx [0x77168FBD+1165]
	(No symbol) [0x00000000]
</status>
</test>
<status status="FAIL" starttime="20220713 07:53:34.327" endtime="20220713 07:53:48.501"/>
</suite>
<statistics>
<total>
<stat pass="0" fail="1" skip="0">All Tests</stat>
</total>
<tag>
</tag>
<suite>
<stat pass="0" fail="1" skip="0" id="s1" name="Hurb">Hurb</stat>
</suite>
</statistics>
<errors>
</errors>
</robot>
